<?xml version="1.0" encoding="UTF-8"?>
<robot generator="Robot 4.1.3 (Python 3.10.1 on win32)" generated="20220206 10:35:39.419" rpa="true" schemaversion="2">
<suite id="s1" name="Tmp" source="C:\rpa\tmp.robot">
<test id="s1-t1" name="Login as user">
<kw name="Open Browser" library="SeleniumLibrary">
<arg>${urlname}</arg>
<arg>firefox</arg>
<arg>service_log_path=${{os.path.devnull}}</arg>
<doc>Opens a new browser instance to the optional ``url``.</doc>
<msg timestamp="20220206 10:35:39.543" level="INFO">Opening browser 'firefox' to base url 'https://yahoo.com'.</msg>
<msg timestamp="20220206 10:35:39.543" level="INFO">Browser driver log file created to: C:\rpa\nul</msg>
<status status="PASS" starttime="20220206 10:35:39.542" endtime="20220206 10:35:54.930"/>
</kw>
<kw name="Close Browser" library="SeleniumLibrary">
<doc>Closes the current browser.</doc>
<status status="PASS" starttime="20220206 10:35:54.931" endtime="20220206 10:35:56.598"/>
</kw>
<status status="PASS" starttime="20220206 10:35:39.541" endtime="20220206 10:35:56.598"/>
</test>
<status status="PASS" starttime="20220206 10:35:39.422" endtime="20220206 10:35:56.600"/>
</suite>
<statistics>
<total>
<stat pass="1" fail="0" skip="0">All Tasks</stat>
</total>
<tag>
</tag>
<suite>
<stat pass="1" fail="0" skip="0" id="s1" name="Tmp">Tmp</stat>
</suite>
</statistics>
<errors>
</errors>
</robot>
